Using pre-set license
Built from '2020.2/staging' branch; Version is '2020.2.5f1 (e2c53f129de5) revision 14861631'; Using compiler version '192528614'; Build Type 'Release'
OS: 'Windows 10 Home; OS build 19043.1165; Version 2009; 64bit' Language: 'en' Physical Memory: 8001 MB
BatchMode: 1, IsHumanControllingUs: 0, StartBugReporterOnCrash: 0, Is64bit: 1, IsPro: 0

 COMMAND LINE ARGUMENTS:
D:\Program Files\UnityHub\2020.2.5f1\Editor\Unity.exe
-adb2
-batchMode
-noUpm
-name
AssetImportWorker2
-projectPath
D:/Unity Games/Project Queen
-logFile
Logs/AssetImportWorker2.log
-srvPort
61997
Successfully changed project path to: D:/Unity Games/Project Queen
D:/Unity Games/Project Queen
Using Asset Import Pipeline V2.
Refreshing native plugins compatible for Editor in 115.56 ms, found 4 plugins.
Preloading 0 native plugins for Editor in 0.00 ms.
Initialize engine version: 2020.2.5f1 (e2c53f129de5)
[Subsystems] Discovering subsystems at path D:/Program Files/UnityHub/2020.2.5f1/Editor/Data/Resources/UnitySubsystems
[Subsystems] Discovering subsystems at path D:/Unity Games/Project Queen/Assets
GfxDevice: creating device client; threaded=0
Direct3D:
    Version:  Direct3D 11.0 [level 11.1]
    Renderer: Radeon RX 560X (ID=0x67ef)
    Vendor:   
    VRAM:     4076 MB
    Driver:   26.20.12036.4002
Shader 'Universal Render Pipeline/Particles/Lit': fallback shader 'Universal Render Pipeline/Particles/SimpleLit' not found
Initialize mono
Mono path[0] = 'D:/Program Files/UnityHub/2020.2.5f1/Editor/Data/Managed'
Mono path[1] = 'D:/Program Files/UnityHub/2020.2.5f1/Editor/Data/MonoBleedingEdge/lib/mono/unityjit'
Mono config path = 'D:/Program Files/UnityHub/2020.2.5f1/Editor/Data/MonoBleedingEdge/etc'
Using monoOptions --debugger-agent=transport=dt_socket,embedding=1,server=y,suspend=n,address=127.0.0.1:56368
Begin MonoManager ReloadAssembly
Registering precompiled unity dll's ...
Register platform support module: D:/Program Files/UnityHub/2020.2.5f1/Editor/Data/PlaybackEngines/WebGLSupport/UnityEditor.WebGL.Extensions.dll
Register platform support module: D:/Program Files/UnityHub/2020.2.5f1/Editor/Data/PlaybackEngines/WindowsStandaloneSupport/UnityEditor.WindowsStandalone.Extensions.dll
Registered in 0.001889 seconds.
Native extension for WindowsStandalone target not found
Native extension for WebGL target not found
Refreshing native plugins compatible for Editor in 100.46 ms, found 4 plugins.
Preloading 0 native plugins for Editor in 0.00 ms.
Invoked RoslynAnalysisRunner static constructor.
RoslynAnalysisRunner will not be running.
RoslynAnalysisRunner has terminated.
Mono: successfully reloaded assembly
- Completed reload, in  1.848 seconds
Platform modules already initialized, skipping
Registering precompiled user dll's ...
Registered in 0.009445 seconds.
Begin MonoManager ReloadAssembly
Native extension for WindowsStandalone target not found
Native extension for WebGL target not found
Refreshing native plugins compatible for Editor in 119.70 ms, found 4 plugins.
Preloading 0 native plugins for Editor in 0.00 ms.
Added callback.
UnityEngine.StackTraceUtility:ExtractStackTrace ()
UnityEngine.DebugLogHandler:LogFormat (UnityEngine.LogType,UnityEngine.Object,string,object[])
UnityEngine.Logger:Log (UnityEngine.LogType,object)
UnityEngine.Debug:Log (object)
AutoSave:.cctor () (at Assets/Scripts/AutoSave.cs:28)
System.Runtime.CompilerServices.RuntimeHelpers:RunClassConstructor (System.RuntimeTypeHandle)
UnityEditor.EditorAssemblies:ProcessInitializeOnLoadAttributes (System.Type[])

(Filename: Assets/Scripts/AutoSave.cs Line: 28)

Invoked RoslynAnalysisRunner static constructor.
RoslynAnalysisRunner will not be running.
RoslynAnalysisRunner has terminated.
Mono: successfully reloaded assembly
Fallback handler could not load library D:/Program Files/UnityHub/2020.2.5f1/Editor/Data/Mono/lib/libdl
Fallback handler could not load library D:/Program Files/UnityHub/2020.2.5f1/Editor/Data/Mono/lib/libdl.dll
Fallback handler could not load library D:/Program Files/UnityHub/2020.2.5f1/Editor/Data/Mono/lib/libdl
Fallback handler could not load library D:/Program Files/UnityHub/2020.2.5f1/Editor/Data/Mono/lib/libdl
Fallback handler could not load library D:/Program Files/UnityHub/2020.2.5f1/Editor/Data/Mono/lib/libdl.dll
Fallback handler could not load library D:/Program Files/UnityHub/2020.2.5f1/Editor/Data/Mono/lib/libdl
- Completed reload, in  3.855 seconds
Platform modules already initialized, skipping
========================================================================
Worker process is ready to serve import requests
Shader 'Universal Render Pipeline/Particles/Lit': fallback shader 'Universal Render Pipeline/Particles/SimpleLit' not found
Launched and connected shader compiler UnityShaderCompiler.exe after 0.27 seconds
Refreshing native plugins compatible for Editor in 1.77 ms, found 4 plugins.
Preloading 0 native plugins for Editor in 0.00 ms.
Unloading 4216 Unused Serialized files (Serialized files now loaded: 0)
System memory in use before: 195.1 MB.
System memory in use after: 195.4 MB.

Unloading 57 unused Assets to reduce memory usage. Loaded Objects now: 4660.
Total: 5.003100 ms (FindLiveObjects: 1.032000 ms CreateObjectMapping: 0.282000 ms MarkObjects: 3.545700 ms  DeleteObjects: 0.140900 ms)

========================================================================
Received Import Request.
  path: Assets/Obstacle Prefabs/Hole Lvl. 3.prefab
  artifactKey: Guid(9f419d90362f1a447a10539d5af0f2df) Importer(815301076,1909f56bfc062723c751e8b465ee728b)
Start importing Assets/Obstacle Prefabs/Hole Lvl. 3.prefab using Guid(9f419d90362f1a447a10539d5af0f2df) Importer(815301076,1909f56bfc062723c751e8b465ee728b)  -> (artifact id: 'e30ed786ea0e50852212046117222f2b') in 1.161669 seconds
  Import took 1.363368 seconds .

========================================================================
Received Import Request.
  Time since last request: 0.000237 seconds.
  path: Assets/Obstacle Prefabs/Small Rock.prefab
  artifactKey: Guid(17726f3b412a1df45ba473633b371f87) Importer(815301076,1909f56bfc062723c751e8b465ee728b)
Start importing Assets/Obstacle Prefabs/Small Rock.prefab using Guid(17726f3b412a1df45ba473633b371f87) Importer(815301076,1909f56bfc062723c751e8b465ee728b)  -> (artifact id: 'd3381a67fe3258cb8da0e7369597bfab') in 0.307540 seconds
  Import took 0.431355 seconds .

========================================================================
Received Import Request.
  Time since last request: 0.000469 seconds.
  path: Assets/Obstacle Prefabs/Hole Lvl. 2.prefab
  artifactKey: Guid(90b8fa5e0d60ebe4ca9fce28518ca250) Importer(815301076,1909f56bfc062723c751e8b465ee728b)
Start importing Assets/Obstacle Prefabs/Hole Lvl. 2.prefab using Guid(90b8fa5e0d60ebe4ca9fce28518ca250) Importer(815301076,1909f56bfc062723c751e8b465ee728b)  -> (artifact id: 'b34b7dbfa575f0b137d645ada0328f80') in 0.094809 seconds
  Import took 0.171882 seconds .

========================================================================
Received Import Request.
  Time since last request: 0.000238 seconds.
  path: Assets/Obstacle Prefabs/Building Sign (STAIRS).prefab
  artifactKey: Guid(6337f90ff352e694fa5485f82faa6fdc) Importer(815301076,1909f56bfc062723c751e8b465ee728b)
Start importing Assets/Obstacle Prefabs/Building Sign (STAIRS).prefab using Guid(6337f90ff352e694fa5485f82faa6fdc) Importer(815301076,1909f56bfc062723c751e8b465ee728b)  -> (artifact id: '0ef42bb46eac842dd2d8a02fdeaa4eda') in 0.230222 seconds
  Import took 0.273728 seconds .

========================================================================
Received Import Request.
  Time since last request: 0.000272 seconds.
  path: Assets/Obstacle Prefabs/Building Sign (BRIDGE).prefab
  artifactKey: Guid(b7003e874b1814b48ad0dacfbd132283) Importer(815301076,1909f56bfc062723c751e8b465ee728b)
Start importing Assets/Obstacle Prefabs/Building Sign (BRIDGE).prefab using Guid(b7003e874b1814b48ad0dacfbd132283) Importer(815301076,1909f56bfc062723c751e8b465ee728b)  -> (artifact id: '8d0e84d2bed8c4288b9406c198af256f') in 0.116231 seconds
  Import took 0.203903 seconds .

========================================================================
Received Import Request.
  Time since last request: 0.000287 seconds.
  path: Assets/Obstacle Prefabs/Log.prefab
  artifactKey: Guid(b453397ef2eec32448f2435d8f62934d) Importer(815301076,1909f56bfc062723c751e8b465ee728b)
Start importing Assets/Obstacle Prefabs/Log.prefab using Guid(b453397ef2eec32448f2435d8f62934d) Importer(815301076,1909f56bfc062723c751e8b465ee728b)  -> (artifact id: 'f1d89ad72bd3ba094c326b95a5104837') in 0.168117 seconds
  Import took 0.195667 seconds .

========================================================================
Received Import Request.
  Time since last request: 0.000253 seconds.
  path: Assets/Obstacle Prefabs/Rock.prefab
  artifactKey: Guid(7d0903f5d3aed4b41bf38867ca7dbf86) Importer(815301076,1909f56bfc062723c751e8b465ee728b)
Start importing Assets/Obstacle Prefabs/Rock.prefab using Guid(7d0903f5d3aed4b41bf38867ca7dbf86) Importer(815301076,1909f56bfc062723c751e8b465ee728b)  -> (artifact id: 'f0a68d9ed371ef2daf9990991963abe1') in 0.128457 seconds
  Import took 0.170913 seconds .

========================================================================
Received Import Request.
  Time since last request: 0.000293 seconds.
  path: Assets/Obstacle Prefabs/Hole.prefab
  artifactKey: Guid(6acded3d1fd14b84daec2a05c2633c46) Importer(815301076,1909f56bfc062723c751e8b465ee728b)
Start importing Assets/Obstacle Prefabs/Hole.prefab using Guid(6acded3d1fd14b84daec2a05c2633c46) Importer(815301076,1909f56bfc062723c751e8b465ee728b)  -> (artifact id: '1c921a537e4ae4a1e93524ce55c41443') in 0.084593 seconds
  Import took 0.118045 seconds .

========================================================================
Received Import Request.
  Time since last request: 0.005274 seconds.
  path: Assets/Obstacle Prefabs/Hole.prefab
  artifactKey: Guid(6acded3d1fd14b84daec2a05c2633c46) Importer(815301076,1909f56bfc062723c751e8b465ee728b)
Start importing Assets/Obstacle Prefabs/Hole.prefab using Guid(6acded3d1fd14b84daec2a05c2633c46) Importer(815301076,1909f56bfc062723c751e8b465ee728b)  -> (artifact id: '1c921a537e4ae4a1e93524ce55c41443') in 0.017179 seconds
  Import took 0.026987 seconds .

========================================================================
Received Import Request.
  Time since last request: 15.778040 seconds.
  path: Assets/Obstacle Prefabs/Hole Lvl. 2.prefab
  artifactKey: Guid(90b8fa5e0d60ebe4ca9fce28518ca250) Importer(815301076,1909f56bfc062723c751e8b465ee728b)
Start importing Assets/Obstacle Prefabs/Hole Lvl. 2.prefab using Guid(90b8fa5e0d60ebe4ca9fce28518ca250) Importer(815301076,1909f56bfc062723c751e8b465ee728b)  -> (artifact id: '3145a9e1841bf2157b7006ce917af1b8') in 0.022591 seconds
  Import took 0.094677 seconds .

========================================================================
Received Import Request.
  Time since last request: 3.151701 seconds.
  path: Assets/Obstacle Prefabs/Hole Lvl. 2.prefab
  artifactKey: Guid(90b8fa5e0d60ebe4ca9fce28518ca250) Importer(815301076,1909f56bfc062723c751e8b465ee728b)
Start importing Assets/Obstacle Prefabs/Hole Lvl. 2.prefab using Guid(90b8fa5e0d60ebe4ca9fce28518ca250) Importer(815301076,1909f56bfc062723c751e8b465ee728b)  -> (artifact id: 'edb0ae14a7d11c0c1fefb9bd0f0e804c') in 0.031976 seconds
  Import took 0.054931 seconds .

========================================================================
Received Import Request.
  Time since last request: 2.859481 seconds.
  path: Assets/Obstacle Prefabs/Hole Lvl. 2.prefab
  artifactKey: Guid(90b8fa5e0d60ebe4ca9fce28518ca250) Importer(815301076,1909f56bfc062723c751e8b465ee728b)
Start importing Assets/Obstacle Prefabs/Hole Lvl. 2.prefab using Guid(90b8fa5e0d60ebe4ca9fce28518ca250) Importer(815301076,1909f56bfc062723c751e8b465ee728b)  -> (artifact id: 'e7e4840bfffddadcb127682a11ac5dba') in 0.017243 seconds
  Import took 0.057877 seconds .

========================================================================
Received Import Request.
  Time since last request: 14.546405 seconds.
  path: Assets/Obstacle Prefabs/Hole Lvl. 3.prefab
  artifactKey: Guid(9f419d90362f1a447a10539d5af0f2df) Importer(815301076,1909f56bfc062723c751e8b465ee728b)
Start importing Assets/Obstacle Prefabs/Hole Lvl. 3.prefab using Guid(9f419d90362f1a447a10539d5af0f2df) Importer(815301076,1909f56bfc062723c751e8b465ee728b)  -> (artifact id: 'bfd8b6ca25f3f0fab7511ec211dfd867') in 0.067648 seconds
  Import took 0.110440 seconds .

========================================================================
Received Import Request.
  Time since last request: 2.797657 seconds.
  path: Assets/Obstacle Prefabs/Hole Lvl. 3.prefab
  artifactKey: Guid(9f419d90362f1a447a10539d5af0f2df) Importer(815301076,1909f56bfc062723c751e8b465ee728b)
Start importing Assets/Obstacle Prefabs/Hole Lvl. 3.prefab using Guid(9f419d90362f1a447a10539d5af0f2df) Importer(815301076,1909f56bfc062723c751e8b465ee728b)  -> (artifact id: '430cacc8eb17d3e7f1980f7ce590d176') in 0.135301 seconds
  Import took 0.275889 seconds .

========================================================================
Received Import Request.
  Time since last request: 11.307881 seconds.
  path: Assets/Obstacle Prefabs/Hole Lvl. 3.prefab
  artifactKey: Guid(9f419d90362f1a447a10539d5af0f2df) Importer(815301076,1909f56bfc062723c751e8b465ee728b)
Start importing Assets/Obstacle Prefabs/Hole Lvl. 3.prefab using Guid(9f419d90362f1a447a10539d5af0f2df) Importer(815301076,1909f56bfc062723c751e8b465ee728b)  -> (artifact id: 'efbb7adb865c7d5f6846f00d1e048e5a') in 0.032427 seconds
  Import took 0.063703 seconds .

========================================================================
Received Prepare
Registering precompiled user dll's ...
Registered in 0.025426 seconds.
Begin MonoManager ReloadAssembly
Fallback handler could not load library D:/Program Files/UnityHub/2020.2.5f1/Editor/Data/Mono/lib/libdl
Fallback handler could not load library D:/Program Files/UnityHub/2020.2.5f1/Editor/Data/Mono/lib/libdl.dll
Fallback handler could not load library D:/Program Files/UnityHub/2020.2.5f1/Editor/Data/Mono/lib/libdl
Native extension for WindowsStandalone target not found
Native extension for WebGL target not found
Refreshing native plugins compatible for Editor in 1.29 ms, found 4 plugins.
Preloading 0 native plugins for Editor in 0.00 ms.
Added callback.
UnityEngine.StackTraceUtility:ExtractStackTrace ()
UnityEngine.DebugLogHandler:LogFormat (UnityEngine.LogType,UnityEngine.Object,string,object[])
UnityEngine.Logger:Log (UnityEngine.LogType,object)
UnityEngine.Debug:Log (object)
AutoSave:.cctor () (at Assets/Scripts/AutoSave.cs:28)
System.Runtime.CompilerServices.RuntimeHelpers:RunClassConstructor (System.RuntimeTypeHandle)
UnityEditor.EditorAssemblies:ProcessInitializeOnLoadAttributes (System.Type[])

(Filename: Assets/Scripts/AutoSave.cs Line: 28)

Invoked RoslynAnalysisRunner static constructor.
RoslynAnalysisRunner will not be running.
RoslynAnalysisRunner has terminated.
Mono: successfully reloaded assembly
Fallback handler could not load library D:/Program Files/UnityHub/2020.2.5f1/Editor/Data/Mono/lib/libdl
Fallback handler could not load library D:/Program Files/UnityHub/2020.2.5f1/Editor/Data/Mono/lib/libdl.dll
Fallback handler could not load library D:/Program Files/UnityHub/2020.2.5f1/Editor/Data/Mono/lib/libdl
Fallback handler could not load library D:/Program Files/UnityHub/2020.2.5f1/Editor/Data/Mono/lib/libdl
Fallback handler could not load library D:/Program Files/UnityHub/2020.2.5f1/Editor/Data/Mono/lib/libdl.dll
Fallback handler could not load library D:/Program Files/UnityHub/2020.2.5f1/Editor/Data/Mono/lib/libdl
- Completed reload, in  1.796 seconds
Platform modules already initialized, skipping
Shader 'Universal Render Pipeline/Particles/Lit': fallback shader 'Universal Render Pipeline/Particles/SimpleLit' not found
Refreshing native plugins compatible for Editor in 1.50 ms, found 4 plugins.
Preloading 0 native plugins for Editor in 0.00 ms.
Unloading 4058 Unused Serialized files (Serialized files now loaded: 0)
System memory in use before: 191.5 MB.
System memory in use after: 191.8 MB.

Unloading 51 unused Assets to reduce memory usage. Loaded Objects now: 4712.
Total: 4.645100 ms (FindLiveObjects: 0.736600 ms CreateObjectMapping: 0.172800 ms MarkObjects: 3.682100 ms  DeleteObjects: 0.051700 ms)

========================================================================
Received Prepare
Registering precompiled user dll's ...
Registered in 0.137360 seconds.
Begin MonoManager ReloadAssembly
Fallback handler could not load library D:/Program Files/UnityHub/2020.2.5f1/Editor/Data/Mono/lib/libdl
Fallback handler could not load library D:/Program Files/UnityHub/2020.2.5f1/Editor/Data/Mono/lib/libdl.dll
Fallback handler could not load library D:/Program Files/UnityHub/2020.2.5f1/Editor/Data/Mono/lib/libdl
Native extension for WindowsStandalone target not found
Native extension for WebGL target not found
Refreshing native plugins compatible for Editor in 1.23 ms, found 4 plugins.
Preloading 0 native plugins for Editor in 0.00 ms.
Added callback.
UnityEngine.StackTraceUtility:ExtractStackTrace ()
UnityEngine.DebugLogHandler:LogFormat (UnityEngine.LogType,UnityEngine.Object,string,object[])
UnityEngine.Logger:Log (UnityEngine.LogType,object)
UnityEngine.Debug:Log (object)
AutoSave:.cctor () (at Assets/Scripts/AutoSave.cs:28)
System.Runtime.CompilerServices.RuntimeHelpers:RunClassConstructor (System.RuntimeTypeHandle)
UnityEditor.EditorAssemblies:ProcessInitializeOnLoadAttributes (System.Type[])

(Filename: Assets/Scripts/AutoSave.cs Line: 28)

Invoked RoslynAnalysisRunner static constructor.
RoslynAnalysisRunner will not be running.
RoslynAnalysisRunner has terminated.
Mono: successfully reloaded assembly
Fallback handler could not load library D:/Program Files/UnityHub/2020.2.5f1/Editor/Data/Mono/lib/libdl
Fallback handler could not load library D:/Program Files/UnityHub/2020.2.5f1/Editor/Data/Mono/lib/libdl.dll
Fallback handler could not load library D:/Program Files/UnityHub/2020.2.5f1/Editor/Data/Mono/lib/libdl
Fallback handler could not load library D:/Program Files/UnityHub/2020.2.5f1/Editor/Data/Mono/lib/libdl
Fallback handler could not load library D:/Program Files/UnityHub/2020.2.5f1/Editor/Data/Mono/lib/libdl.dll
Fallback handler could not load library D:/Program Files/UnityHub/2020.2.5f1/Editor/Data/Mono/lib/libdl
- Completed reload, in  1.840 seconds
Platform modules already initialized, skipping
Shader 'Universal Render Pipeline/Particles/Lit': fallback shader 'Universal Render Pipeline/Particles/SimpleLit' not found
Refreshing native plugins compatible for Editor in 1.24 ms, found 4 plugins.
Preloading 0 native plugins for Editor in 0.00 ms.
Unloading 4058 Unused Serialized files (Serialized files now loaded: 0)
System memory in use before: 191.6 MB.
System memory in use after: 191.8 MB.

Unloading 51 unused Assets to reduce memory usage. Loaded Objects now: 4714.
Total: 6.356700 ms (FindLiveObjects: 0.985700 ms CreateObjectMapping: 0.365400 ms MarkObjects: 4.958400 ms  DeleteObjects: 0.044800 ms)

========================================================================
Received Import Request.
  Time since last request: 177.743310 seconds.
  path: Assets/Obstacle Prefabs/Hole Lvl. 3.prefab
  artifactKey: Guid(9f419d90362f1a447a10539d5af0f2df) Importer(815301076,1909f56bfc062723c751e8b465ee728b)
Start importing Assets/Obstacle Prefabs/Hole Lvl. 3.prefab using Guid(9f419d90362f1a447a10539d5af0f2df) Importer(815301076,1909f56bfc062723c751e8b465ee728b)  -> (artifact id: '1e648c3a0e3bfdb74940265df2d25213') in 0.596589 seconds
  Import took 0.934971 seconds .

========================================================================
Received Import Request.
  Time since last request: 0.000558 seconds.
  path: Assets/Obstacle Prefabs/Hole Lvl. 2.prefab
  artifactKey: Guid(90b8fa5e0d60ebe4ca9fce28518ca250) Importer(815301076,1909f56bfc062723c751e8b465ee728b)
Start importing Assets/Obstacle Prefabs/Hole Lvl. 2.prefab using Guid(90b8fa5e0d60ebe4ca9fce28518ca250) Importer(815301076,1909f56bfc062723c751e8b465ee728b)  -> (artifact id: '3cde5c6a2c077de07e51950722839959') in 0.045354 seconds
  Import took 0.110252 seconds .

========================================================================
Received Import Request.
  Time since last request: 0.000236 seconds.
  path: Assets/Obstacle Prefabs/Hole.prefab
  artifactKey: Guid(6acded3d1fd14b84daec2a05c2633c46) Importer(815301076,1909f56bfc062723c751e8b465ee728b)
Start importing Assets/Obstacle Prefabs/Hole.prefab using Guid(6acded3d1fd14b84daec2a05c2633c46) Importer(815301076,1909f56bfc062723c751e8b465ee728b)  -> (artifact id: 'd0a9e7523e864ee93a0d8646d1221ad6') in 0.065744 seconds
  Import took 0.160572 seconds .

========================================================================
Received Prepare
Registering precompiled user dll's ...
Registered in 0.425704 seconds.
Begin MonoManager ReloadAssembly
Fallback handler could not load library D:/Program Files/UnityHub/2020.2.5f1/Editor/Data/Mono/lib/libdl
Fallback handler could not load library D:/Program Files/UnityHub/2020.2.5f1/Editor/Data/Mono/lib/libdl.dll
Fallback handler could not load library D:/Program Files/UnityHub/2020.2.5f1/Editor/Data/Mono/lib/libdl
Native extension for WindowsStandalone target not found
Native extension for WebGL target not found
Refreshing native plugins compatible for Editor in 1.95 ms, found 4 plugins.
Preloading 0 native plugins for Editor in 0.00 ms.
Added callback.
UnityEngine.StackTraceUtility:ExtractStackTrace ()
UnityEngine.DebugLogHandler:LogFormat (UnityEngine.LogType,UnityEngine.Object,string,object[])
UnityEngine.Logger:Log (UnityEngine.LogType,object)
UnityEngine.Debug:Log (object)
AutoSave:.cctor () (at Assets/Scripts/AutoSave.cs:28)
System.Runtime.CompilerServices.RuntimeHelpers:RunClassConstructor (System.RuntimeTypeHandle)
UnityEditor.EditorAssemblies:ProcessInitializeOnLoadAttributes (System.Type[])

(Filename: Assets/Scripts/AutoSave.cs Line: 28)

Invoked RoslynAnalysisRunner static constructor.
RoslynAnalysisRunner will not be running.
RoslynAnalysisRunner has terminated.
Mono: successfully reloaded assembly
Fallback handler could not load library D:/Program Files/UnityHub/2020.2.5f1/Editor/Data/Mono/lib/libdl
Fallback handler could not load library D:/Program Files/UnityHub/2020.2.5f1/Editor/Data/Mono/lib/libdl.dll
Fallback handler could not load library D:/Program Files/UnityHub/2020.2.5f1/Editor/Data/Mono/lib/libdl
Fallback handler could not load library D:/Program Files/UnityHub/2020.2.5f1/Editor/Data/Mono/lib/libdl
Fallback handler could not load library D:/Program Files/UnityHub/2020.2.5f1/Editor/Data/Mono/lib/libdl.dll
Fallback handler could not load library D:/Program Files/UnityHub/2020.2.5f1/Editor/Data/Mono/lib/libdl
- Completed reload, in  3.873 seconds
Platform modules already initialized, skipping
Shader 'Universal Render Pipeline/Particles/Lit': fallback shader 'Universal Render Pipeline/Particles/SimpleLit' not found
Refreshing native plugins compatible for Editor in 1.29 ms, found 4 plugins.
Preloading 0 native plugins for Editor in 0.00 ms.
Unloading 4058 Unused Serialized files (Serialized files now loaded: 0)
System memory in use before: 191.8 MB.
System memory in use after: 192.0 MB.

Unloading 51 unused Assets to reduce memory usage. Loaded Objects now: 4752.
Total: 4.892700 ms (FindLiveObjects: 0.730700 ms CreateObjectMapping: 0.525300 ms MarkObjects: 3.596200 ms  DeleteObjects: 0.038600 ms)

========================================================================
Received Import Request.
  Time since last request: 312.109031 seconds.
  path: Assets/Obstacle Prefabs/Log.prefab
  artifactKey: Guid(b453397ef2eec32448f2435d8f62934d) Importer(815301076,1909f56bfc062723c751e8b465ee728b)
Start importing Assets/Obstacle Prefabs/Log.prefab using Guid(b453397ef2eec32448f2435d8f62934d) Importer(815301076,1909f56bfc062723c751e8b465ee728b)  -> (artifact id: '42801d0b32c2c2e1c1bc76cbc1394ca7') in 0.468625 seconds
  Import took 0.522749 seconds .

========================================================================
Received Import Request.
  Time since last request: 1.323679 seconds.
  path: Assets/Obstacle Prefabs/Log.prefab
  artifactKey: Guid(b453397ef2eec32448f2435d8f62934d) Importer(815301076,1909f56bfc062723c751e8b465ee728b)
Start importing Assets/Obstacle Prefabs/Log.prefab using Guid(b453397ef2eec32448f2435d8f62934d) Importer(815301076,1909f56bfc062723c751e8b465ee728b)  -> (artifact id: '8358a01fba0cd4e324fb82228c3d650f') in 0.038556 seconds
  Import took 0.075571 seconds .

========================================================================
Received Import Request.
  Time since last request: 4.518106 seconds.
  path: Assets/Obstacle Prefabs/Log.prefab
  artifactKey: Guid(b453397ef2eec32448f2435d8f62934d) Importer(815301076,1909f56bfc062723c751e8b465ee728b)
Start importing Assets/Obstacle Prefabs/Log.prefab using Guid(b453397ef2eec32448f2435d8f62934d) Importer(815301076,1909f56bfc062723c751e8b465ee728b)  -> (artifact id: 'f314961a60dfa2768f7ffa56edd03356') in 0.019338 seconds
  Import took 0.027370 seconds .

========================================================================
Received Import Request.
  Time since last request: 3.487360 seconds.
  path: Assets/Obstacle Prefabs/Log.prefab
  artifactKey: Guid(b453397ef2eec32448f2435d8f62934d) Importer(815301076,1909f56bfc062723c751e8b465ee728b)
Start importing Assets/Obstacle Prefabs/Log.prefab using Guid(b453397ef2eec32448f2435d8f62934d) Importer(815301076,1909f56bfc062723c751e8b465ee728b)  -> (artifact id: '359edcc2788b31cd7092ef42af1c7b95') in 0.038560 seconds
  Import took 0.063191 seconds .

========================================================================
Received Import Request.
  Time since last request: 4.227741 seconds.
  path: Assets/Obstacle Prefabs/Log.prefab
  artifactKey: Guid(b453397ef2eec32448f2435d8f62934d) Importer(815301076,1909f56bfc062723c751e8b465ee728b)
Start importing Assets/Obstacle Prefabs/Log.prefab using Guid(b453397ef2eec32448f2435d8f62934d) Importer(815301076,1909f56bfc062723c751e8b465ee728b)  -> (artifact id: 'd0952da486cddbe9992b1c1f7edd1542') in 0.053369 seconds
  Import took 0.082801 seconds .

========================================================================
Received Import Request.
  Time since last request: 2.851055 seconds.
  path: Assets/Obstacle Prefabs/Log.prefab
  artifactKey: Guid(b453397ef2eec32448f2435d8f62934d) Importer(815301076,1909f56bfc062723c751e8b465ee728b)
Start importing Assets/Obstacle Prefabs/Log.prefab using Guid(b453397ef2eec32448f2435d8f62934d) Importer(815301076,1909f56bfc062723c751e8b465ee728b)  -> (artifact id: 'df63a192e35deb5b968c72dc1dd89d31') in 0.020034 seconds
  Import took 0.060526 seconds .

========================================================================
Received Import Request.
  Time since last request: 5.221054 seconds.
  path: Assets/Obstacle Prefabs/Log.prefab
  artifactKey: Guid(b453397ef2eec32448f2435d8f62934d) Importer(815301076,1909f56bfc062723c751e8b465ee728b)
Start importing Assets/Obstacle Prefabs/Log.prefab using Guid(b453397ef2eec32448f2435d8f62934d) Importer(815301076,1909f56bfc062723c751e8b465ee728b)  -> (artifact id: '24e6dafb6579102ecc7f277f0fd9cff5') in 0.036242 seconds
  Import took 0.086705 seconds .

========================================================================
Received Import Request.
  Time since last request: 0.741846 seconds.
  path: Assets/Obstacle Prefabs/Log.prefab
  artifactKey: Guid(b453397ef2eec32448f2435d8f62934d) Importer(815301076,1909f56bfc062723c751e8b465ee728b)
Start importing Assets/Obstacle Prefabs/Log.prefab using Guid(b453397ef2eec32448f2435d8f62934d) Importer(815301076,1909f56bfc062723c751e8b465ee728b)  -> (artifact id: '45b480fbc288de3099cfc393768587dd') in 0.029463 seconds
  Import took 0.074840 seconds .

========================================================================
Received Import Request.
  Time since last request: 2.197474 seconds.
  path: Assets/Obstacle Prefabs/Log.prefab
  artifactKey: Guid(b453397ef2eec32448f2435d8f62934d) Importer(815301076,1909f56bfc062723c751e8b465ee728b)
Start importing Assets/Obstacle Prefabs/Log.prefab using Guid(b453397ef2eec32448f2435d8f62934d) Importer(815301076,1909f56bfc062723c751e8b465ee728b)  -> (artifact id: 'e87811462b7f4ab49a970c46c166defa') in 0.036119 seconds
  Import took 0.061426 seconds .

========================================================================
Received Import Request.
  Time since last request: 0.801483 seconds.
  path: Assets/Obstacle Prefabs/Log.prefab
  artifactKey: Guid(b453397ef2eec32448f2435d8f62934d) Importer(815301076,1909f56bfc062723c751e8b465ee728b)
Start importing Assets/Obstacle Prefabs/Log.prefab using Guid(b453397ef2eec32448f2435d8f62934d) Importer(815301076,1909f56bfc062723c751e8b465ee728b)  -> (artifact id: '2784ea4b937ca9a1d297708576913fcd') in 0.019183 seconds
  Import took 0.066720 seconds .

========================================================================
Received Import Request.
  Time since last request: 2.615303 seconds.
  path: Assets/Obstacle Prefabs/Log.prefab
  artifactKey: Guid(b453397ef2eec32448f2435d8f62934d) Importer(815301076,1909f56bfc062723c751e8b465ee728b)
Start importing Assets/Obstacle Prefabs/Log.prefab using Guid(b453397ef2eec32448f2435d8f62934d) Importer(815301076,1909f56bfc062723c751e8b465ee728b)  -> (artifact id: '0e252af44f4a286d3c9a565bea771039') in 0.046691 seconds
  Import took 0.084116 seconds .

========================================================================
Received Import Request.
  Time since last request: 3.268461 seconds.
  path: Assets/Obstacle Prefabs/Log.prefab
  artifactKey: Guid(b453397ef2eec32448f2435d8f62934d) Importer(815301076,1909f56bfc062723c751e8b465ee728b)
Start importing Assets/Obstacle Prefabs/Log.prefab using Guid(b453397ef2eec32448f2435d8f62934d) Importer(815301076,1909f56bfc062723c751e8b465ee728b)  -> (artifact id: '9e1e38924c9c86b29d4a3f8ffaab52f8') in 0.021569 seconds
  Import took 0.053362 seconds .

========================================================================
Received Import Request.
  Time since last request: 2.408736 seconds.
  path: Assets/Obstacle Prefabs/Log.prefab
  artifactKey: Guid(b453397ef2eec32448f2435d8f62934d) Importer(815301076,1909f56bfc062723c751e8b465ee728b)
Start importing Assets/Obstacle Prefabs/Log.prefab using Guid(b453397ef2eec32448f2435d8f62934d) Importer(815301076,1909f56bfc062723c751e8b465ee728b)  -> (artifact id: '74fd77adbee60493878792c283ea6b08') in 0.064457 seconds
  Import took 0.098268 seconds .

========================================================================
Received Import Request.
  Time since last request: 0.541673 seconds.
  path: Assets/Obstacle Prefabs/Log.prefab
  artifactKey: Guid(b453397ef2eec32448f2435d8f62934d) Importer(815301076,1909f56bfc062723c751e8b465ee728b)
Start importing Assets/Obstacle Prefabs/Log.prefab using Guid(b453397ef2eec32448f2435d8f62934d) Importer(815301076,1909f56bfc062723c751e8b465ee728b)  -> (artifact id: '1cdaaacac8e13eab2aaf9f4264a17140') in 0.020131 seconds
  Import took 0.063390 seconds .

========================================================================
Received Import Request.
  Time since last request: 2.634419 seconds.
  path: Assets/Obstacle Prefabs/Log.prefab
  artifactKey: Guid(b453397ef2eec32448f2435d8f62934d) Importer(815301076,1909f56bfc062723c751e8b465ee728b)
Start importing Assets/Obstacle Prefabs/Log.prefab using Guid(b453397ef2eec32448f2435d8f62934d) Importer(815301076,1909f56bfc062723c751e8b465ee728b)  -> (artifact id: '7127011c6c0611115dd20209facd328b') in 0.040451 seconds
  Import took 0.066018 seconds .

========================================================================
Received Import Request.
  Time since last request: 0.532732 seconds.
  path: Assets/Obstacle Prefabs/Log.prefab
  artifactKey: Guid(b453397ef2eec32448f2435d8f62934d) Importer(815301076,1909f56bfc062723c751e8b465ee728b)
Start importing Assets/Obstacle Prefabs/Log.prefab using Guid(b453397ef2eec32448f2435d8f62934d) Importer(815301076,1909f56bfc062723c751e8b465ee728b)  -> (artifact id: '186bc9f48fa16fdcb932737fd5f873da') in 0.020212 seconds
  Import took 0.087118 seconds .

========================================================================
Received Import Request.
  Time since last request: 2.036511 seconds.
  path: Assets/Obstacle Prefabs/Log.prefab
  artifactKey: Guid(b453397ef2eec32448f2435d8f62934d) Importer(815301076,1909f56bfc062723c751e8b465ee728b)
Start importing Assets/Obstacle Prefabs/Log.prefab using Guid(b453397ef2eec32448f2435d8f62934d) Importer(815301076,1909f56bfc062723c751e8b465ee728b)  -> (artifact id: '4a3754ee281f7c200d533c3ef38b5a1a') in 0.031654 seconds
  Import took 0.069710 seconds .

========================================================================
Received Import Request.
  Time since last request: 10.470800 seconds.
  path: Assets/Obstacle Prefabs/Log.prefab
  artifactKey: Guid(b453397ef2eec32448f2435d8f62934d) Importer(815301076,1909f56bfc062723c751e8b465ee728b)
Start importing Assets/Obstacle Prefabs/Log.prefab using Guid(b453397ef2eec32448f2435d8f62934d) Importer(815301076,1909f56bfc062723c751e8b465ee728b)  -> (artifact id: 'a237b9bd736b125500f8c34bcb86c293') in 0.052730 seconds
  Import took 0.100628 seconds .

========================================================================
Received Import Request.
  Time since last request: 677.899187 seconds.
  path: Assets/Obstacle Prefabs/Small Rock.prefab
  artifactKey: Guid(17726f3b412a1df45ba473633b371f87) Importer(815301076,1909f56bfc062723c751e8b465ee728b)
Start importing Assets/Obstacle Prefabs/Small Rock.prefab using Guid(17726f3b412a1df45ba473633b371f87) Importer(815301076,1909f56bfc062723c751e8b465ee728b)  -> (artifact id: '7f293b2dc30cbecd561d804ab3ae1e6a') in 0.276413 seconds
  Import took 0.315444 seconds .

========================================================================
Received Import Request.
  Time since last request: 4.687034 seconds.
  path: Assets/Obstacle Prefabs/Small Rock.prefab
  artifactKey: Guid(17726f3b412a1df45ba473633b371f87) Importer(815301076,1909f56bfc062723c751e8b465ee728b)
Start importing Assets/Obstacle Prefabs/Small Rock.prefab using Guid(17726f3b412a1df45ba473633b371f87) Importer(815301076,1909f56bfc062723c751e8b465ee728b)  -> (artifact id: 'b7d3d2ad190e94d359e4d7f3ce84c5ae') in 0.069164 seconds
  Import took 0.124589 seconds .

========================================================================
Received Import Request.
  Time since last request: 5.406569 seconds.
  path: Assets/Obstacle Prefabs/Small Rock.prefab
  artifactKey: Guid(17726f3b412a1df45ba473633b371f87) Importer(815301076,1909f56bfc062723c751e8b465ee728b)
Start importing Assets/Obstacle Prefabs/Small Rock.prefab using Guid(17726f3b412a1df45ba473633b371f87) Importer(815301076,1909f56bfc062723c751e8b465ee728b)  -> (artifact id: 'e1eb6313c648ad6383455183ba921534') in 0.044664 seconds
  Import took 0.077446 seconds .

========================================================================
Received Import Request.
  Time since last request: 5.533327 seconds.
  path: Assets/Obstacle Prefabs/Small Rock.prefab
  artifactKey: Guid(17726f3b412a1df45ba473633b371f87) Importer(815301076,1909f56bfc062723c751e8b465ee728b)
Start importing Assets/Obstacle Prefabs/Small Rock.prefab using Guid(17726f3b412a1df45ba473633b371f87) Importer(815301076,1909f56bfc062723c751e8b465ee728b)  -> (artifact id: '7563860277e593a0b52864380723c224') in 0.031236 seconds
  Import took 0.049800 seconds .

========================================================================
Received Import Request.
  Time since last request: 42.220505 seconds.
  path: Assets/Obstacle Prefabs/Small Rock.prefab
  artifactKey: Guid(17726f3b412a1df45ba473633b371f87) Importer(815301076,1909f56bfc062723c751e8b465ee728b)
Start importing Assets/Obstacle Prefabs/Small Rock.prefab using Guid(17726f3b412a1df45ba473633b371f87) Importer(815301076,1909f56bfc062723c751e8b465ee728b)  -> (artifact id: '2bd3cfbeebf843735ad281d94731b5ff') in 0.221935 seconds
  Import took 0.262357 seconds .

========================================================================
Received Import Request.
  Time since last request: 21.695819 seconds.
  path: Assets/Obstacle Prefabs/Small Rock.prefab
  artifactKey: Guid(17726f3b412a1df45ba473633b371f87) Importer(815301076,1909f56bfc062723c751e8b465ee728b)
Start importing Assets/Obstacle Prefabs/Small Rock.prefab using Guid(17726f3b412a1df45ba473633b371f87) Importer(815301076,1909f56bfc062723c751e8b465ee728b)  -> (artifact id: '8303d6dc8b369e9e8fa4005289fba6dd') in 0.027050 seconds
  Import took 0.085492 seconds .

========================================================================
Received Import Request.
  Time since last request: 5.384489 seconds.
  path: Assets/Obstacle Prefabs/Small Rock.prefab
  artifactKey: Guid(17726f3b412a1df45ba473633b371f87) Importer(815301076,1909f56bfc062723c751e8b465ee728b)
Start importing Assets/Obstacle Prefabs/Small Rock.prefab using Guid(17726f3b412a1df45ba473633b371f87) Importer(815301076,1909f56bfc062723c751e8b465ee728b)  -> (artifact id: '4ac60262365f70f09e81f8d9c2b173ce') in 0.055258 seconds
  Import took 0.087454 seconds .

========================================================================
Received Import Request.
  Time since last request: 9.378757 seconds.
  path: Assets/Obstacle Prefabs/Small Rock.prefab
  artifactKey: Guid(17726f3b412a1df45ba473633b371f87) Importer(815301076,1909f56bfc062723c751e8b465ee728b)
Start importing Assets/Obstacle Prefabs/Small Rock.prefab using Guid(17726f3b412a1df45ba473633b371f87) Importer(815301076,1909f56bfc062723c751e8b465ee728b)  -> (artifact id: '3f60397d8b9d1ce131671c33655a3249') in 0.049392 seconds
  Import took 0.111887 seconds .

========================================================================
Received Import Request.
  Time since last request: 5.047387 seconds.
  path: Assets/Obstacle Prefabs/Small Rock.prefab
  artifactKey: Guid(17726f3b412a1df45ba473633b371f87) Importer(815301076,1909f56bfc062723c751e8b465ee728b)
Start importing Assets/Obstacle Prefabs/Small Rock.prefab using Guid(17726f3b412a1df45ba473633b371f87) Importer(815301076,1909f56bfc062723c751e8b465ee728b)  -> (artifact id: 'ac57feead621cfe0be06ae52bf48d1f6') in 0.046240 seconds
  Import took 0.094588 seconds .

========================================================================
Received Import Request.
  Time since last request: 3.816395 seconds.
  path: Assets/Obstacle Prefabs/Small Rock.prefab
  artifactKey: Guid(17726f3b412a1df45ba473633b371f87) Importer(815301076,1909f56bfc062723c751e8b465ee728b)
Start importing Assets/Obstacle Prefabs/Small Rock.prefab using Guid(17726f3b412a1df45ba473633b371f87) Importer(815301076,1909f56bfc062723c751e8b465ee728b)  -> (artifact id: '97512c66c940bb6a1a19712f7dfe0342') in 0.054787 seconds
  Import took 0.093880 seconds .

========================================================================
Received Import Request.
  Time since last request: 7.123269 seconds.
  path: Assets/Obstacle Prefabs/Small Rock.prefab
  artifactKey: Guid(17726f3b412a1df45ba473633b371f87) Importer(815301076,1909f56bfc062723c751e8b465ee728b)
Start importing Assets/Obstacle Prefabs/Small Rock.prefab using Guid(17726f3b412a1df45ba473633b371f87) Importer(815301076,1909f56bfc062723c751e8b465ee728b)  -> (artifact id: '22554be1853fcd0dd314044df25546c7') in 0.026914 seconds
  Import took 0.070257 seconds .

========================================================================
Received Import Request.
  Time since last request: 8.444264 seconds.
  path: Assets/Obstacle Prefabs/Small Rock.prefab
  artifactKey: Guid(17726f3b412a1df45ba473633b371f87) Importer(815301076,1909f56bfc062723c751e8b465ee728b)
Start importing Assets/Obstacle Prefabs/Small Rock.prefab using Guid(17726f3b412a1df45ba473633b371f87) Importer(815301076,1909f56bfc062723c751e8b465ee728b)  -> (artifact id: 'dfe5cbd532416a909f20d83fd310c0b5') in 0.069485 seconds
  Import took 0.099216 seconds .

========================================================================
Received Import Request.
  Time since last request: 4.441854 seconds.
  path: Assets/Obstacle Prefabs/Small Rock.prefab
  artifactKey: Guid(17726f3b412a1df45ba473633b371f87) Importer(815301076,1909f56bfc062723c751e8b465ee728b)
Start importing Assets/Obstacle Prefabs/Small Rock.prefab using Guid(17726f3b412a1df45ba473633b371f87) Importer(815301076,1909f56bfc062723c751e8b465ee728b)  -> (artifact id: 'c1ef4a7d8bcfc1692a240b7ce8ee4469') in 0.027068 seconds
  Import took 0.066658 seconds .

========================================================================
Received Import Request.
  Time since last request: 8.761419 seconds.
  path: Assets/Obstacle Prefabs/Small Rock.prefab
  artifactKey: Guid(17726f3b412a1df45ba473633b371f87) Importer(815301076,1909f56bfc062723c751e8b465ee728b)
Start importing Assets/Obstacle Prefabs/Small Rock.prefab using Guid(17726f3b412a1df45ba473633b371f87) Importer(815301076,1909f56bfc062723c751e8b465ee728b)  -> (artifact id: '144ad0c70fa98cd5a5deb4a587fce864') in 0.025468 seconds
  Import took 0.046955 seconds .

========================================================================
Received Import Request.
  Time since last request: 11.846695 seconds.
  path: Assets/Obstacle Prefabs/Log.prefab
  artifactKey: Guid(b453397ef2eec32448f2435d8f62934d) Importer(815301076,1909f56bfc062723c751e8b465ee728b)
Start importing Assets/Obstacle Prefabs/Log.prefab using Guid(b453397ef2eec32448f2435d8f62934d) Importer(815301076,1909f56bfc062723c751e8b465ee728b)  -> (artifact id: 'eac9620c863b778c6eda683719531600') in 0.097412 seconds
  Import took 0.124110 seconds .

========================================================================
Received Import Request.
  Time since last request: 4.658516 seconds.
  path: Assets/Obstacle Prefabs/Log.prefab
  artifactKey: Guid(b453397ef2eec32448f2435d8f62934d) Importer(815301076,1909f56bfc062723c751e8b465ee728b)
Start importing Assets/Obstacle Prefabs/Log.prefab using Guid(b453397ef2eec32448f2435d8f62934d) Importer(815301076,1909f56bfc062723c751e8b465ee728b)  -> (artifact id: 'f75819b8ded4820c91ac3ee031d1c1d4') in 0.046668 seconds
  Import took 0.086759 seconds .

========================================================================
Received Prepare
Registering precompiled user dll's ...
Registered in 0.008436 seconds.
Begin MonoManager ReloadAssembly
Fallback handler could not load library D:/Program Files/UnityHub/2020.2.5f1/Editor/Data/Mono/lib/libdl
Fallback handler could not load library D:/Program Files/UnityHub/2020.2.5f1/Editor/Data/Mono/lib/libdl.dll
Fallback handler could not load library D:/Program Files/UnityHub/2020.2.5f1/Editor/Data/Mono/lib/libdl
Native extension for WindowsStandalone target not found
Native extension for WebGL target not found
Refreshing native plugins compatible for Editor in 1.32 ms, found 4 plugins.
Preloading 0 native plugins for Editor in 0.00 ms.
Added callback.
UnityEngine.StackTraceUtility:ExtractStackTrace ()
UnityEngine.DebugLogHandler:LogFormat (UnityEngine.LogType,UnityEngine.Object,string,object[])
UnityEngine.Logger:Log (UnityEngine.LogType,object)
UnityEngine.Debug:Log (object)
AutoSave:.cctor () (at Assets/Scripts/AutoSave.cs:28)
System.Runtime.CompilerServices.RuntimeHelpers:RunClassConstructor (System.RuntimeTypeHandle)
UnityEditor.EditorAssemblies:ProcessInitializeOnLoadAttributes (System.Type[])

(Filename: Assets/Scripts/AutoSave.cs Line: 28)

Invoked RoslynAnalysisRunner static constructor.
RoslynAnalysisRunner will not be running.
RoslynAnalysisRunner has terminated.
Mono: successfully reloaded assembly
Fallback handler could not load library D:/Program Files/UnityHub/2020.2.5f1/Editor/Data/Mono/lib/libdl
Fallback handler could not load library D:/Program Files/UnityHub/2020.2.5f1/Editor/Data/Mono/lib/libdl.dll
Fallback handler could not load library D:/Program Files/UnityHub/2020.2.5f1/Editor/Data/Mono/lib/libdl
Fallback handler could not load library D:/Program Files/UnityHub/2020.2.5f1/Editor/Data/Mono/lib/libdl
Fallback handler could not load library D:/Program Files/UnityHub/2020.2.5f1/Editor/Data/Mono/lib/libdl.dll
Fallback handler could not load library D:/Program Files/UnityHub/2020.2.5f1/Editor/Data/Mono/lib/libdl
- Completed reload, in  1.874 seconds
Platform modules already initialized, skipping
Shader 'Universal Render Pipeline/Particles/Lit': fallback shader 'Universal Render Pipeline/Particles/SimpleLit' not found
Refreshing native plugins compatible for Editor in 1.29 ms, found 4 plugins.
Preloading 0 native plugins for Editor in 0.00 ms.
Unloading 4058 Unused Serialized files (Serialized files now loaded: 0)
System memory in use before: 192.1 MB.
System memory in use after: 192.4 MB.

Unloading 51 unused Assets to reduce memory usage. Loaded Objects now: 4790.
Total: 4.917000 ms (FindLiveObjects: 0.601800 ms CreateObjectMapping: 0.200000 ms MarkObjects: 4.063500 ms  DeleteObjects: 0.049100 ms)

========================================================================
Received Prepare
Registering precompiled user dll's ...
Registered in 0.009851 seconds.
Begin MonoManager ReloadAssembly
Fallback handler could not load library D:/Program Files/UnityHub/2020.2.5f1/Editor/Data/Mono/lib/libdl
Fallback handler could not load library D:/Program Files/UnityHub/2020.2.5f1/Editor/Data/Mono/lib/libdl.dll
Fallback handler could not load library D:/Program Files/UnityHub/2020.2.5f1/Editor/Data/Mono/lib/libdl
Native extension for WindowsStandalone target not found
Native extension for WebGL target not found
Refreshing native plugins compatible for Editor in 1.28 ms, found 4 plugins.
Preloading 0 native plugins for Editor in 0.00 ms.
Added callback.
UnityEngine.StackTraceUtility:ExtractStackTrace ()
UnityEngine.DebugLogHandler:LogFormat (UnityEngine.LogType,UnityEngine.Object,string,object[])
UnityEngine.Logger:Log (UnityEngine.LogType,object)
UnityEngine.Debug:Log (object)
AutoSave:.cctor () (at Assets/Scripts/AutoSave.cs:28)
System.Runtime.CompilerServices.RuntimeHelpers:RunClassConstructor (System.RuntimeTypeHandle)
UnityEditor.EditorAssemblies:ProcessInitializeOnLoadAttributes (System.Type[])

(Filename: Assets/Scripts/AutoSave.cs Line: 28)

Invoked RoslynAnalysisRunner static constructor.
RoslynAnalysisRunner will not be running.
RoslynAnalysisRunner has terminated.
Mono: successfully reloaded assembly
Fallback handler could not load library D:/Program Files/UnityHub/2020.2.5f1/Editor/Data/Mono/lib/libdl
Fallback handler could not load library D:/Program Files/UnityHub/2020.2.5f1/Editor/Data/Mono/lib/libdl.dll
Fallback handler could not load library D:/Program Files/UnityHub/2020.2.5f1/Editor/Data/Mono/lib/libdl
Fallback handler could not load library D:/Program Files/UnityHub/2020.2.5f1/Editor/Data/Mono/lib/libdl
Fallback handler could not load library D:/Program Files/UnityHub/2020.2.5f1/Editor/Data/Mono/lib/libdl.dll
Fallback handler could not load library D:/Program Files/UnityHub/2020.2.5f1/Editor/Data/Mono/lib/libdl
- Completed reload, in  1.736 seconds
Platform modules already initialized, skipping
Shader 'Universal Render Pipeline/Particles/Lit': fallback shader 'Universal Render Pipeline/Particles/SimpleLit' not found
Refreshing native plugins compatible for Editor in 1.24 ms, found 4 plugins.
Preloading 0 native plugins for Editor in 0.00 ms.
Unloading 4058 Unused Serialized files (Serialized files now loaded: 0)
System memory in use before: 192.1 MB.
System memory in use after: 192.4 MB.

Unloading 51 unused Assets to reduce memory usage. Loaded Objects now: 4792.
Total: 4.476900 ms (FindLiveObjects: 0.590700 ms CreateObjectMapping: 0.289600 ms MarkObjects: 3.550200 ms  DeleteObjects: 0.044800 ms)

========================================================================
Received Prepare
Registering precompiled user dll's ...
Registered in 0.064879 seconds.
Begin MonoManager ReloadAssembly
Fallback handler could not load library D:/Program Files/UnityHub/2020.2.5f1/Editor/Data/Mono/lib/libdl
Fallback handler could not load library D:/Program Files/UnityHub/2020.2.5f1/Editor/Data/Mono/lib/libdl.dll
Fallback handler could not load library D:/Program Files/UnityHub/2020.2.5f1/Editor/Data/Mono/lib/libdl
Native extension for WindowsStandalone target not found
Native extension for WebGL target not found
Refreshing native plugins compatible for Editor in 1.29 ms, found 4 plugins.
Preloading 0 native plugins for Editor in 0.00 ms.
Added callback.
UnityEngine.StackTraceUtility:ExtractStackTrace ()
UnityEngine.DebugLogHandler:LogFormat (UnityEngine.LogType,UnityEngine.Object,string,object[])
UnityEngine.Logger:Log (UnityEngine.LogType,object)
UnityEngine.Debug:Log (object)
AutoSave:.cctor () (at Assets/Scripts/AutoSave.cs:28)
System.Runtime.CompilerServices.RuntimeHelpers:RunClassConstructor (System.RuntimeTypeHandle)
UnityEditor.EditorAssemblies:ProcessInitializeOnLoadAttributes (System.Type[])

(Filename: Assets/Scripts/AutoSave.cs Line: 28)

Invoked RoslynAnalysisRunner static constructor.
RoslynAnalysisRunner will not be running.
RoslynAnalysisRunner has terminated.
Mono: successfully reloaded assembly
Fallback handler could not load library D:/Program Files/UnityHub/2020.2.5f1/Editor/Data/Mono/lib/libdl
Fallback handler could not load library D:/Program Files/UnityHub/2020.2.5f1/Editor/Data/Mono/lib/libdl.dll
Fallback handler could not load library D:/Program Files/UnityHub/2020.2.5f1/Editor/Data/Mono/lib/libdl
Fallback handler could not load library D:/Program Files/UnityHub/2020.2.5f1/Editor/Data/Mono/lib/libdl
Fallback handler could not load library D:/Program Files/UnityHub/2020.2.5f1/Editor/Data/Mono/lib/libdl.dll
Fallback handler could not load library D:/Program Files/UnityHub/2020.2.5f1/Editor/Data/Mono/lib/libdl
- Completed reload, in  1.670 seconds
Platform modules already initialized, skipping
Shader 'Universal Render Pipeline/Particles/Lit': fallback shader 'Universal Render Pipeline/Particles/SimpleLit' not found
Refreshing native plugins compatible for Editor in 1.31 ms, found 4 plugins.
Preloading 0 native plugins for Editor in 0.00 ms.
Unloading 4058 Unused Serialized files (Serialized files now loaded: 0)
System memory in use before: 192.1 MB.
System memory in use after: 192.4 MB.

Unloading 51 unused Assets to reduce memory usage. Loaded Objects now: 4794.
Total: 9.702400 ms (FindLiveObjects: 0.610000 ms CreateObjectMapping: 0.260300 ms MarkObjects: 8.769100 ms  DeleteObjects: 0.061200 ms)

========================================================================
Received Prepare
Registering precompiled user dll's ...
Registered in 0.009540 seconds.
Begin MonoManager ReloadAssembly
Fallback handler could not load library D:/Program Files/UnityHub/2020.2.5f1/Editor/Data/Mono/lib/libdl
Fallback handler could not load library D:/Program Files/UnityHub/2020.2.5f1/Editor/Data/Mono/lib/libdl.dll
Fallback handler could not load library D:/Program Files/UnityHub/2020.2.5f1/Editor/Data/Mono/lib/libdl
Native extension for WindowsStandalone target not found
Native extension for WebGL target not found
Refreshing native plugins compatible for Editor in 1.35 ms, found 4 plugins.
Preloading 0 native plugins for Editor in 0.00 ms.
Added callback.
UnityEngine.StackTraceUtility:ExtractStackTrace ()
UnityEngine.DebugLogHandler:LogFormat (UnityEngine.LogType,UnityEngine.Object,string,object[])
UnityEngine.Logger:Log (UnityEngine.LogType,object)
UnityEngine.Debug:Log (object)
AutoSave:.cctor () (at Assets/Scripts/AutoSave.cs:28)
System.Runtime.CompilerServices.RuntimeHelpers:RunClassConstructor (System.RuntimeTypeHandle)
UnityEditor.EditorAssemblies:ProcessInitializeOnLoadAttributes (System.Type[])

(Filename: Assets/Scripts/AutoSave.cs Line: 28)

Invoked RoslynAnalysisRunner static constructor.
RoslynAnalysisRunner will not be running.
RoslynAnalysisRunner has terminated.
Mono: successfully reloaded assembly
Fallback handler could not load library D:/Program Files/UnityHub/2020.2.5f1/Editor/Data/Mono/lib/libdl
Fallback handler could not load library D:/Program Files/UnityHub/2020.2.5f1/Editor/Data/Mono/lib/libdl.dll
Fallback handler could not load library D:/Program Files/UnityHub/2020.2.5f1/Editor/Data/Mono/lib/libdl
Fallback handler could not load library D:/Program Files/UnityHub/2020.2.5f1/Editor/Data/Mono/lib/libdl
Fallback handler could not load library D:/Program Files/UnityHub/2020.2.5f1/Editor/Data/Mono/lib/libdl.dll
Fallback handler could not load library D:/Program Files/UnityHub/2020.2.5f1/Editor/Data/Mono/lib/libdl
- Completed reload, in  1.695 seconds
Platform modules already initialized, skipping
Shader 'Universal Render Pipeline/Particles/Lit': fallback shader 'Universal Render Pipeline/Particles/SimpleLit' not found
Refreshing native plugins compatible for Editor in 1.60 ms, found 4 plugins.
Preloading 0 native plugins for Editor in 0.00 ms.
Unloading 4058 Unused Serialized files (Serialized files now loaded: 0)
System memory in use before: 192.2 MB.
System memory in use after: 192.4 MB.

Unloading 51 unused Assets to reduce memory usage. Loaded Objects now: 4796.
Total: 5.551800 ms (FindLiveObjects: 1.073300 ms CreateObjectMapping: 0.272900 ms MarkObjects: 4.153900 ms  DeleteObjects: 0.048400 ms)

========================================================================
Received Prepare
Registering precompiled user dll's ...
Registered in 0.011581 seconds.
Begin MonoManager ReloadAssembly
Fallback handler could not load library D:/Program Files/UnityHub/2020.2.5f1/Editor/Data/Mono/lib/libdl
Fallback handler could not load library D:/Program Files/UnityHub/2020.2.5f1/Editor/Data/Mono/lib/libdl.dll
Fallback handler could not load library D:/Program Files/UnityHub/2020.2.5f1/Editor/Data/Mono/lib/libdl
Native extension for WindowsStandalone target not found
Native extension for WebGL target not found
Refreshing native plugins compatible for Editor in 1.27 ms, found 4 plugins.
Preloading 0 native plugins for Editor in 0.00 ms.
Added callback.
UnityEngine.StackTraceUtility:ExtractStackTrace ()
UnityEngine.DebugLogHandler:LogFormat (UnityEngine.LogType,UnityEngine.Object,string,object[])
UnityEngine.Logger:Log (UnityEngine.LogType,object)
UnityEngine.Debug:Log (object)
AutoSave:.cctor () (at Assets/Scripts/AutoSave.cs:28)
System.Runtime.CompilerServices.RuntimeHelpers:RunClassConstructor (System.RuntimeTypeHandle)
UnityEditor.EditorAssemblies:ProcessInitializeOnLoadAttributes (System.Type[])

(Filename: Assets/Scripts/AutoSave.cs Line: 28)

Invoked RoslynAnalysisRunner static constructor.
RoslynAnalysisRunner will not be running.
RoslynAnalysisRunner has terminated.
Mono: successfully reloaded assembly
Fallback handler could not load library D:/Program Files/UnityHub/2020.2.5f1/Editor/Data/Mono/lib/libdl
Fallback handler could not load library D:/Program Files/UnityHub/2020.2.5f1/Editor/Data/Mono/lib/libdl.dll
Fallback handler could not load library D:/Program Files/UnityHub/2020.2.5f1/Editor/Data/Mono/lib/libdl
Fallback handler could not load library D:/Program Files/UnityHub/2020.2.5f1/Editor/Data/Mono/lib/libdl
Fallback handler could not load library D:/Program Files/UnityHub/2020.2.5f1/Editor/Data/Mono/lib/libdl.dll
Fallback handler could not load library D:/Program Files/UnityHub/2020.2.5f1/Editor/Data/Mono/lib/libdl
- Completed reload, in  1.657 seconds
Platform modules already initialized, skipping
Shader 'Universal Render Pipeline/Particles/Lit': fallback shader 'Universal Render Pipeline/Particles/SimpleLit' not found
Refreshing native plugins compatible for Editor in 2.29 ms, found 4 plugins.
Preloading 0 native plugins for Editor in 0.00 ms.
Unloading 4058 Unused Serialized files (Serialized files now loaded: 0)
System memory in use before: 192.2 MB.
System memory in use after: 192.4 MB.

Unloading 51 unused Assets to reduce memory usage. Loaded Objects now: 4798.
Total: 8.264200 ms (FindLiveObjects: 1.252000 ms CreateObjectMapping: 0.648000 ms MarkObjects: 6.243800 ms  DeleteObjects: 0.117200 ms)

========================================================================
Received Prepare
Registering precompiled user dll's ...
Registered in 0.072163 seconds.
Begin MonoManager ReloadAssembly
Fallback handler could not load library D:/Program Files/UnityHub/2020.2.5f1/Editor/Data/Mono/lib/libdl
Fallback handler could not load library D:/Program Files/UnityHub/2020.2.5f1/Editor/Data/Mono/lib/libdl.dll
Fallback handler could not load library D:/Program Files/UnityHub/2020.2.5f1/Editor/Data/Mono/lib/libdl
Native extension for WindowsStandalone target not found
Native extension for WebGL target not found
Refreshing native plugins compatible for Editor in 1.60 ms, found 4 plugins.
Preloading 0 native plugins for Editor in 0.00 ms.
Added callback.
UnityEngine.StackTraceUtility:ExtractStackTrace ()
UnityEngine.DebugLogHandler:LogFormat (UnityEngine.LogType,UnityEngine.Object,string,object[])
UnityEngine.Logger:Log (UnityEngine.LogType,object)
UnityEngine.Debug:Log (object)
AutoSave:.cctor () (at Assets/Scripts/AutoSave.cs:28)
System.Runtime.CompilerServices.RuntimeHelpers:RunClassConstructor (System.RuntimeTypeHandle)
UnityEditor.EditorAssemblies:ProcessInitializeOnLoadAttributes (System.Type[])

(Filename: Assets/Scripts/AutoSave.cs Line: 28)

Invoked RoslynAnalysisRunner static constructor.
RoslynAnalysisRunner will not be running.
RoslynAnalysisRunner has terminated.
Mono: successfully reloaded assembly
Fallback handler could not load library D:/Program Files/UnityHub/2020.2.5f1/Editor/Data/Mono/lib/libdl
Fallback handler could not load library D:/Program Files/UnityHub/2020.2.5f1/Editor/Data/Mono/lib/libdl.dll
Fallback handler could not load library D:/Program Files/UnityHub/2020.2.5f1/Editor/Data/Mono/lib/libdl
Fallback handler could not load library D:/Program Files/UnityHub/2020.2.5f1/Editor/Data/Mono/lib/libdl
Fallback handler could not load library D:/Program Files/UnityHub/2020.2.5f1/Editor/Data/Mono/lib/libdl.dll
Fallback handler could not load library D:/Program Files/UnityHub/2020.2.5f1/Editor/Data/Mono/lib/libdl
- Completed reload, in  1.677 seconds
Platform modules already initialized, skipping
Shader 'Universal Render Pipeline/Particles/Lit': fallback shader 'Universal Render Pipeline/Particles/SimpleLit' not found
Refreshing native plugins compatible for Editor in 1.28 ms, found 4 plugins.
Preloading 0 native plugins for Editor in 0.00 ms.
Unloading 4058 Unused Serialized files (Serialized files now loaded: 0)
System memory in use before: 192.2 MB.
System memory in use after: 192.4 MB.

Unloading 51 unused Assets to reduce memory usage. Loaded Objects now: 4800.
Total: 5.360300 ms (FindLiveObjects: 0.997700 ms CreateObjectMapping: 0.208000 ms MarkObjects: 4.097700 ms  DeleteObjects: 0.053500 ms)

========================================================================
Received Prepare
Registering precompiled user dll's ...
Registered in 0.009649 seconds.
Begin MonoManager ReloadAssembly
Fallback handler could not load library D:/Program Files/UnityHub/2020.2.5f1/Editor/Data/Mono/lib/libdl
Fallback handler could not load library D:/Program Files/UnityHub/2020.2.5f1/Editor/Data/Mono/lib/libdl.dll
Fallback handler could not load library D:/Program Files/UnityHub/2020.2.5f1/Editor/Data/Mono/lib/libdl
Native extension for WindowsStandalone target not found
Native extension for WebGL target not found
Refreshing native plugins compatible for Editor in 1.27 ms, found 4 plugins.
Preloading 0 native plugins for Editor in 0.00 ms.
Added callback.
UnityEngine.StackTraceUtility:ExtractStackTrace ()
UnityEngine.DebugLogHandler:LogFormat (UnityEngine.LogType,UnityEngine.Object,string,object[])
UnityEngine.Logger:Log (UnityEngine.LogType,object)
UnityEngine.Debug:Log (object)
AutoSave:.cctor () (at Assets/Scripts/AutoSave.cs:28)
System.Runtime.CompilerServices.RuntimeHelpers:RunClassConstructor (System.RuntimeTypeHandle)
UnityEditor.EditorAssemblies:ProcessInitializeOnLoadAttributes (System.Type[])

(Filename: Assets/Scripts/AutoSave.cs Line: 28)

Invoked RoslynAnalysisRunner static constructor.
RoslynAnalysisRunner will not be running.
RoslynAnalysisRunner has terminated.
Mono: successfully reloaded assembly
Fallback handler could not load library D:/Program Files/UnityHub/2020.2.5f1/Editor/Data/Mono/lib/libdl
Fallback handler could not load library D:/Program Files/UnityHub/2020.2.5f1/Editor/Data/Mono/lib/libdl.dll
Fallback handler could not load library D:/Program Files/UnityHub/2020.2.5f1/Editor/Data/Mono/lib/libdl
Fallback handler could not load library D:/Program Files/UnityHub/2020.2.5f1/Editor/Data/Mono/lib/libdl
Fallback handler could not load library D:/Program Files/UnityHub/2020.2.5f1/Editor/Data/Mono/lib/libdl.dll
Fallback handler could not load library D:/Program Files/UnityHub/2020.2.5f1/Editor/Data/Mono/lib/libdl
- Completed reload, in  1.666 seconds
Platform modules already initialized, skipping
Shader 'Universal Render Pipeline/Particles/Lit': fallback shader 'Universal Render Pipeline/Particles/SimpleLit' not found
Refreshing native plugins compatible for Editor in 1.41 ms, found 4 plugins.
Preloading 0 native plugins for Editor in 0.00 ms.
Unloading 4058 Unused Serialized files (Serialized files now loaded: 0)
System memory in use before: 192.2 MB.
System memory in use after: 192.4 MB.

Unloading 51 unused Assets to reduce memory usage. Loaded Objects now: 4802.
Total: 5.068300 ms (FindLiveObjects: 0.712800 ms CreateObjectMapping: 0.370400 ms MarkObjects: 3.936600 ms  DeleteObjects: 0.046900 ms)

========================================================================
Received Prepare
Registering precompiled user dll's ...
Registered in 0.012996 seconds.
Begin MonoManager ReloadAssembly
Fallback handler could not load library D:/Program Files/UnityHub/2020.2.5f1/Editor/Data/Mono/lib/libdl
Fallback handler could not load library D:/Program Files/UnityHub/2020.2.5f1/Editor/Data/Mono/lib/libdl.dll
Fallback handler could not load library D:/Program Files/UnityHub/2020.2.5f1/Editor/Data/Mono/lib/libdl
Native extension for WindowsStandalone target not found
Native extension for WebGL target not found
Refreshing native plugins compatible for Editor in 1.29 ms, found 4 plugins.
Preloading 0 native plugins for Editor in 0.00 ms.
Added callback.
UnityEngine.StackTraceUtility:ExtractStackTrace ()
UnityEngine.DebugLogHandler:LogFormat (UnityEngine.LogType,UnityEngine.Object,string,object[])
UnityEngine.Logger:Log (UnityEngine.LogType,object)
UnityEngine.Debug:Log (object)
AutoSave:.cctor () (at Assets/Scripts/AutoSave.cs:28)
System.Runtime.CompilerServices.RuntimeHelpers:RunClassConstructor (System.RuntimeTypeHandle)
UnityEditor.EditorAssemblies:ProcessInitializeOnLoadAttributes (System.Type[])

(Filename: Assets/Scripts/AutoSave.cs Line: 28)

Invoked RoslynAnalysisRunner static constructor.
RoslynAnalysisRunner will not be running.
RoslynAnalysisRunner has terminated.
Mono: successfully reloaded assembly
Fallback handler could not load library D:/Program Files/UnityHub/2020.2.5f1/Editor/Data/Mono/lib/libdl
Fallback handler could not load library D:/Program Files/UnityHub/2020.2.5f1/Editor/Data/Mono/lib/libdl.dll
Fallback handler could not load library D:/Program Files/UnityHub/2020.2.5f1/Editor/Data/Mono/lib/libdl
Fallback handler could not load library D:/Program Files/UnityHub/2020.2.5f1/Editor/Data/Mono/lib/libdl
Fallback handler could not load library D:/Program Files/UnityHub/2020.2.5f1/Editor/Data/Mono/lib/libdl.dll
Fallback handler could not load library D:/Program Files/UnityHub/2020.2.5f1/Editor/Data/Mono/lib/libdl
- Completed reload, in  1.846 seconds
Platform modules already initialized, skipping
Shader 'Universal Render Pipeline/Particles/Lit': fallback shader 'Universal Render Pipeline/Particles/SimpleLit' not found
Refreshing native plugins compatible for Editor in 1.30 ms, found 4 plugins.
Preloading 0 native plugins for Editor in 0.00 ms.
Unloading 4058 Unused Serialized files (Serialized files now loaded: 0)
System memory in use before: 192.2 MB.
System memory in use after: 192.4 MB.

Unloading 51 unused Assets to reduce memory usage. Loaded Objects now: 4804.
Total: 9.562000 ms (FindLiveObjects: 0.487000 ms CreateObjectMapping: 0.170800 ms MarkObjects: 8.823900 ms  DeleteObjects: 0.077600 ms)

========================================================================
Received Prepare
Registering precompiled user dll's ...
Registered in 0.013468 seconds.
Begin MonoManager ReloadAssembly
Fallback handler could not load library D:/Program Files/UnityHub/2020.2.5f1/Editor/Data/Mono/lib/libdl
Fallback handler could not load library D:/Program Files/UnityHub/2020.2.5f1/Editor/Data/Mono/lib/libdl.dll
Fallback handler could not load library D:/Program Files/UnityHub/2020.2.5f1/Editor/Data/Mono/lib/libdl
Native extension for WindowsStandalone target not found
Native extension for WebGL target not found
Refreshing native plugins compatible for Editor in 1.72 ms, found 4 plugins.
Preloading 0 native plugins for Editor in 0.00 ms.
Added callback.
UnityEngine.StackTraceUtility:ExtractStackTrace ()
UnityEngine.DebugLogHandler:LogFormat (UnityEngine.LogType,UnityEngine.Object,string,object[])
UnityEngine.Logger:Log (UnityEngine.LogType,object)
UnityEngine.Debug:Log (object)
AutoSave:.cctor () (at Assets/Scripts/AutoSave.cs:28)
System.Runtime.CompilerServices.RuntimeHelpers:RunClassConstructor (System.RuntimeTypeHandle)
UnityEditor.EditorAssemblies:ProcessInitializeOnLoadAttributes (System.Type[])

(Filename: Assets/Scripts/AutoSave.cs Line: 28)

Invoked RoslynAnalysisRunner static constructor.
RoslynAnalysisRunner will not be running.
RoslynAnalysisRunner has terminated.
Mono: successfully reloaded assembly
Fallback handler could not load library D:/Program Files/UnityHub/2020.2.5f1/Editor/Data/Mono/lib/libdl
Fallback handler could not load library D:/Program Files/UnityHub/2020.2.5f1/Editor/Data/Mono/lib/libdl.dll
Fallback handler could not load library D:/Program Files/UnityHub/2020.2.5f1/Editor/Data/Mono/lib/libdl
Fallback handler could not load library D:/Program Files/UnityHub/2020.2.5f1/Editor/Data/Mono/lib/libdl
Fallback handler could not load library D:/Program Files/UnityHub/2020.2.5f1/Editor/Data/Mono/lib/libdl.dll
Fallback handler could not load library D:/Program Files/UnityHub/2020.2.5f1/Editor/Data/Mono/lib/libdl
- Completed reload, in  1.892 seconds
Platform modules already initialized, skipping
Shader 'Universal Render Pipeline/Particles/Lit': fallback shader 'Universal Render Pipeline/Particles/SimpleLit' not found
Refreshing native plugins compatible for Editor in 1.84 ms, found 4 plugins.
Preloading 0 native plugins for Editor in 0.00 ms.
Unloading 4058 Unused Serialized files (Serialized files now loaded: 0)
System memory in use before: 192.2 MB.
System memory in use after: 192.4 MB.

Unloading 51 unused Assets to reduce memory usage. Loaded Objects now: 4806.
Total: 6.407600 ms (FindLiveObjects: 0.616300 ms CreateObjectMapping: 0.243800 ms MarkObjects: 5.506300 ms  DeleteObjects: 0.038700 ms)

